Backup Summary at 2020-10-28 18:01:38.694426
--------------------------------------------
Database backup: ./foo.bar/private/backups/20201028_180136-foo_bar-database.sql.gz
Backup Summary at 2020-10-29 12:03:29.868019
--------------------------------------------
Database backup: ./foo.bar/private/backups/20201029_120120-foo_bar-database.sql.gz
Backup Summary at 2020-10-29 18:03:00.893153
--------------------------------------------
Database backup: ./foo.bar/private/backups/20201029_180052-foo_bar-database.sql.gz
Backup Summary at 2020-10-30 12:10:27.756718
--------------------------------------------
Database backup: ./foo.bar/private/backups/20201030_120134-foo_bar-database.sql.gz
Backup Summary at 2020-10-30 18:01:47.303735
--------------------------------------------
Database backup: ./foo.bar/private/backups/20201030_180018-foo_bar-database.sql.gz
Backup Summary at 2020-10-31 12:14:13.952689
--------------------------------------------
Database backup: ./foo.bar/private/backups/20201031_120352-foo_bar-database.sql.gz
Backup Summary at 2020-11-02 12:02:20.600539
--------------------------------------------
Database backup: ./foo.bar/private/backups/20201102_120113-foo_bar-database.sql.gz
Backup Summary at 2020-11-02 18:02:08.080985
--------------------------------------------
Database backup: ./foo.bar/private/backups/20201102_180112-foo_bar-database.sql.gz
Backup Summary at 2020-11-03 12:02:17.421122
--------------------------------------------
Database backup: ./foo.bar/private/backups/20201103_120137-foo_bar-database.sql.gz
Backup Summary at 2020-11-03 18:02:19.826837
--------------------------------------------
Database backup: ./foo.bar/private/backups/20201103_180125-foo_bar-database.sql.gz
Backup Summary at 2020-11-04 12:04:13.406964
--------------------------------------------
Database backup: ./foo.bar/private/backups/20201104_120155-foo_bar-database.sql.gz
Backup Summary at 2020-11-04 18:01:15.262115
--------------------------------------------
Database backup: ./foo.bar/private/backups/20201104_180109-foo_bar-database.sql.gz
Backup Summary at 2020-11-05 12:05:07.355532
--------------------------------------------
Database backup: ./foo.bar/private/backups/20201105_120438-foo_bar-database.sql.gz
Backup Summary at 2020-11-05 18:01:08.226680
--------------------------------------------
Database backup: ./foo.bar/private/backups/20201105_180058-foo_bar-database.sql.gz
Backup Summary at 2020-11-06 12:01:36.153359
--------------------------------------------
Database backup: ./foo.bar/private/backups/20201106_120049-foo_bar-database.sql.gz
Backup Summary at 2020-11-06 18:01:45.623234
--------------------------------------------
Database backup: ./foo.bar/private/backups/20201106_180129-foo_bar-database.sql.gz
Backup Summary at 2020-11-07 18:02:56.374004
--------------------------------------------
Database backup: ./foo.bar/private/backups/20201107_180158-foo_bar-database.sql.gz
Backup Summary at 2020-11-08 12:03:53.929166
--------------------------------------------
Database backup: ./foo.bar/private/backups/20201108_120221-foo_bar-database.sql.gz
Backup Summary at 2020-11-09 12:02:49.695616
--------------------------------------------
Database backup: ./foo.bar/private/backups/20201109_120158-foo_bar-database.sql.gz
Backup Summary at 2020-11-09 18:02:06.319573
--------------------------------------------
Database backup: ./foo.bar/private/backups/20201109_180149-foo_bar-database.sql.gz
Backup Summary at 2020-11-10 12:02:09.620390
--------------------------------------------
Database backup: ./foo.bar/private/backups/20201110_120127-foo_bar-database.sql.gz
Backup Summary at 2020-11-10 18:05:40.051934
--------------------------------------------
Database backup: ./foo.bar/private/backups/20201110_180327-foo_bar-database.sql.gz
Backup Summary at 2020-11-11 12:02:17.188380
--------------------------------------------
Database backup: ./foo.bar/private/backups/20201111_120130-foo_bar-database.sql.gz
Backup Summary at 2020-11-11 18:02:35.400093
--------------------------------------------
Database backup: ./foo.bar/private/backups/20201111_180146-foo_bar-database.sql.gz
Backup Summary at 2020-11-12 12:02:24.204646
--------------------------------------------
Database backup: ./foo.bar/private/backups/20201112_120142-foo_bar-database.sql.gz
Backup Summary at 2020-11-12 18:01:47.198859
--------------------------------------------
Database backup: ./foo.bar/private/backups/20201112_180052-foo_bar-database.sql.gz
Backup Summary at 2020-11-13 12:06:11.028712
--------------------------------------------
Database backup: ./foo.bar/private/backups/20201113_120253-foo_bar-database.sql.gz
Backup Summary at 2020-11-13 18:02:35.289357
--------------------------------------------
Database backup: ./foo.bar/private/backups/20201113_180150-foo_bar-database.sql.gz
Backup Summary at 2020-11-14 12:20:55.292361
--------------------------------------------
Database backup: ./foo.bar/private/backups/20201114_121620-foo_bar-database.sql.gz
Backup Summary at 2020-11-15 12:01:00.483014
--------------------------------------------
Database backup: ./foo.bar/private/backups/20201115_120053-foo_bar-database.sql.gz
Backup Summary at 2020-11-15 12:01:51.206374
--------------------------------------------
Database backup: ./pos-1/private/backups/20201115_120100-pos-1-database.sql.gz
Backup Summary at 2020-11-15 18:03:26.106971
--------------------------------------------
Database backup: ./foo.bar/private/backups/20201115_180221-foo_bar-database.sql.gz
File is recent
File is recent
Backup Summary at 2020-11-15 18:04:08.969441
--------------------------------------------
Database backup: ./pos-1/private/backups/20201115_180326-pos-1-database.sql.gz
Backup Summary at 2020-11-16 12:02:02.271965
--------------------------------------------
Database backup: ./foo.bar/private/backups/20201116_120150-foo_bar-database.sql.gz
File is recent
File is recent
File is old
File is old
Backup Summary at 2020-11-16 12:03:21.971887
--------------------------------------------
Database backup: ./pos-1/private/backups/20201116_120202-pos-1-database.sql.gz
Backup Summary at 2020-11-16 18:02:03.623655
--------------------------------------------
Database backup: ./foo.bar/private/backups/20201116_180113-foo_bar-database.sql.gz
File is recent
File is recent
File is recent
File is recent
Backup Summary at 2020-11-16 18:02:46.106357
--------------------------------------------
Database backup: ./pos-1/private/backups/20201116_180203-pos-1-database.sql.gz
Backup Summary at 2020-11-17 12:02:14.698814
--------------------------------------------
Database backup: ./foo.bar/private/backups/20201117_120125-foo_bar-database.sql.gz
File is recent
File is recent
File is old
File is old
File is recent
File is recent
Backup Summary at 2020-11-17 12:03:11.850325
--------------------------------------------
Database backup: ./pos-1/private/backups/20201117_120215-pos-1-database.sql.gz
Backup Summary at 2020-11-17 18:04:50.306494
--------------------------------------------
Database backup: ./foo.bar/private/backups/20201117_180431-foo_bar-database.sql.gz
File is old
File is old
File is recent
File is recent
File is old
File is old
Backup Summary at 2020-11-17 18:06:52.523129
--------------------------------------------
Database backup: ./pos-1/private/backups/20201117_180450-pos-1-database.sql.gz
Backup Summary at 2020-11-18 12:01:39.530690
--------------------------------------------
Database backup: ./bench-manager.local/private/backups/20201118_120136-bench-manager_local-database.sql.gz
File is recent
File is recent
File is recent
File is recent
Backup Summary at 2020-11-18 12:01:56.383482
--------------------------------------------
Database backup: ./foo.bar/private/backups/20201118_120139-foo_bar-database.sql.gz
File is recent
File is recent
File is recent
File is recent
Backup Summary at 2020-11-18 12:03:01.746042
--------------------------------------------
Database backup: ./pos-1/private/backups/20201118_120156-pos-1-database.sql.gz
Backup Summary at 2020-11-18 18:03:21.920930
--------------------------------------------
Database backup: ./bench-manager.local/private/backups/20201118_180152-bench-manager_local-database.sql.gz
File is recent
File is old
File is recent
File is recent
File is recent
File is old
Backup Summary at 2020-11-18 18:05:33.033848
--------------------------------------------
Database backup: ./foo.bar/private/backups/20201118_180322-foo_bar-database.sql.gz
File is old
File is recent
File is old
File is recent
File is recent
File is recent
Backup Summary at 2020-11-18 18:07:20.107503
--------------------------------------------
Database backup: ./pos-1/private/backups/20201118_180533-pos-1-database.sql.gz
Backup Summary at 2020-11-19 18:01:37.269643
--------------------------------------------
Database backup: ./bench-manager.local/private/backups/20201119_180104-bench-manager_local-database.sql.gz
File is recent
File is recent
File is recent
Backup Summary at 2020-11-19 18:02:05.075552
--------------------------------------------
Database backup: ./foo.bar/private/backups/20201119_180137-foo_bar-database.sql.gz
File is recent
File is old
File is old
File is old
File is recent
File is old
Backup Summary at 2020-11-19 18:03:11.942427
--------------------------------------------
Database backup: ./pos-1/private/backups/20201119_180205-pos-1-database.sql.gz
